0 info it worked if it ends with ok
1 verbose cli [ 'C:\\development\\nodejs\\\\node.exe',
1 verbose cli   'C:\\development\\nodejs\\node_modules\\npm\\bin\\npm-cli.js',
1 verbose cli   'install',
1 verbose cli   'grunt-contrib-execute' ]
2 info using npm@1.4.28
3 info using node@v0.10.35
4 verbose node symlink C:\development\nodejs\\node.exe
5 warn package.json fs@0.0.2 fs is also the name of a node core module.
6 warn package.json fs@0.0.2 No description
7 warn package.json fs@0.0.2 No repository field.
8 warn package.json path@0.4.10 path is also the name of a node core module.
9 verbose readDependencies using package.json deps
10 verbose cache add [ 'grunt-contrib-execute', null ]
11 verbose cache add name=undefined spec="grunt-contrib-execute" args=["grunt-contrib-execute",null]
12 verbose parsed url { protocol: null,
12 verbose parsed url   slashes: null,
12 verbose parsed url   auth: null,
12 verbose parsed url   host: null,
12 verbose parsed url   port: null,
12 verbose parsed url   hostname: null,
12 verbose parsed url   hash: null,
12 verbose parsed url   search: null,
12 verbose parsed url   query: null,
12 verbose parsed url   pathname: 'grunt-contrib-execute',
12 verbose parsed url   path: 'grunt-contrib-execute',
12 verbose parsed url   href: 'grunt-contrib-execute' }
13 silly lockFile c1fa7d46-grunt-contrib-execute grunt-contrib-execute
14 verbose lock grunt-contrib-execute C:\Users\teplovdome\AppData\Roaming\npm-cache\c1fa7d46-grunt-contrib-execute.lock
15 silly lockFile c1fa7d46-grunt-contrib-execute grunt-contrib-execute
16 silly lockFile c1fa7d46-grunt-contrib-execute grunt-contrib-execute
17 verbose addNamed [ 'grunt-contrib-execute', '' ]
18 verbose addNamed [ null, '*' ]
19 silly lockFile 4550bc19-grunt-contrib-execute grunt-contrib-execute@
20 verbose lock grunt-contrib-execute@ C:\Users\teplovdome\AppData\Roaming\npm-cache\4550bc19-grunt-contrib-execute.lock
21 silly addNameRange { name: 'grunt-contrib-execute', range: '*', hasData: false }
22 verbose request where is /grunt-contrib-execute
23 verbose request registry https://registry.npmjs.org/
24 verbose request id 066a1f43cf4d7dc3
25 verbose url raw /grunt-contrib-execute
26 verbose url resolving [ 'https://registry.npmjs.org/', './grunt-contrib-execute' ]
27 verbose url resolved https://registry.npmjs.org/grunt-contrib-execute
28 verbose request where is https://registry.npmjs.org/grunt-contrib-execute
29 info trying registry request attempt 1 at 12:26:52
30 http GET https://registry.npmjs.org/grunt-contrib-execute
31 http 404 https://registry.npmjs.org/grunt-contrib-execute
32 verbose headers { date: 'Tue, 03 Feb 2015 09:26:50 GMT',
32 verbose headers   server: 'CouchDB/1.6.1 (Erlang OTP/R14B04)',
32 verbose headers   'content-type': 'application/json',
32 verbose headers   'cache-control': 'max-age=0',
32 verbose headers   'content-length': '52',
32 verbose headers   'accept-ranges': 'bytes',
32 verbose headers   via: '1.1 varnish',
32 verbose headers   age: '0',
32 verbose headers   'x-served-by': 'cache-fra1241-FRA',
32 verbose headers   'x-cache': 'MISS',
32 verbose headers   'x-cache-hits': '0',
32 verbose headers   'x-timer': 'S1422955609.759962,VS0,VE429',
32 verbose headers   'keep-alive': 'timeout=10, max=50',
32 verbose headers   connection: 'Keep-Alive' }
33 silly registry.get cb [ 404,
33 silly registry.get   { date: 'Tue, 03 Feb 2015 09:26:50 GMT',
33 silly registry.get     server: 'CouchDB/1.6.1 (Erlang OTP/R14B04)',
33 silly registry.get     'content-type': 'application/json',
33 silly registry.get     'cache-control': 'max-age=0',
33 silly registry.get     'content-length': '52',
33 silly registry.get     'accept-ranges': 'bytes',
33 silly registry.get     via: '1.1 varnish',
33 silly registry.get     age: '0',
33 silly registry.get     'x-served-by': 'cache-fra1241-FRA',
33 silly registry.get     'x-cache': 'MISS',
33 silly registry.get     'x-cache-hits': '0',
33 silly registry.get     'x-timer': 'S1422955609.759962,VS0,VE429',
33 silly registry.get     'keep-alive': 'timeout=10, max=50',
33 silly registry.get     connection: 'Keep-Alive' } ]
34 silly lockFile 4550bc19-grunt-contrib-execute grunt-contrib-execute@
35 silly lockFile 4550bc19-grunt-contrib-execute grunt-contrib-execute@
36 error 404 404 Not Found: grunt-contrib-execute
36 error 404
36 error 404 'grunt-contrib-execute' is not in the npm registry.
36 error 404 You should bug the author to publish it
36 error 404 It was specified as a dependency of 'Test_project'
36 error 404
36 error 404 Note that you can also install from a
36 error 404 tarball, folder, or http url, or git url.
37 error System Windows_NT 6.1.7601
38 error command "C:\\development\\nodejs\\\\node.exe" "C:\\development\\nodejs\\node_modules\\npm\\bin\\npm-cli.js" "install" "grunt-contrib-execute"
39 error cwd D:\projects\taucraft test project\public_html
40 error node -v v0.10.35
41 error npm -v 1.4.28
42 error code E404
43 verbose exit [ 1, true ]
